<?xml version="1.0" encoding="UTF-8"?>
<!-- Generated by org.testng.reporters.JUnitReportReporter -->
<testsuite skipped="3" hostname="Chirag-PC" name="com.auto.FlipkartList" tests="6" failures="0" timestamp="28 Sep 2019 10:48:18 GMT" time="232.653" errors="0">
  <testcase name="browser" time="6.251" classname="com.auto.FlipkartList"/>
  <testcase name="logIn" time="86.730" classname="com.auto.FlipkartList"/>
  <testcase name="identifyProduct" time="139.672" classname="com.auto.FlipkartList"/>
  <testcase name="searchProduct" classname="com.auto.FlipkartList">
    <skipped/>
  </testcase> <!-- searchProduct -->
  <testcase name="identifyProductByTitle" classname="com.auto.FlipkartList">
    <skipped/>
  </testcase> <!-- identifyProductByTitle -->
  <testcase name="addToCart" classname="com.auto.FlipkartList">
    <skipped/>
  </testcase> <!-- addToCart -->
</testsuite> <!-- com.auto.FlipkartList -->
