<?xml version="1.0" encoding="UTF-8"?>
<!-- Generated by org.testng.reporters.JUnitReportReporter -->
<testsuite skipped="0" hostname="Chirag-PC" name="com.auto.WaitsExample" tests="2" failures="0" timestamp="28 Sep 2019 11:07:42 GMT" time="38.329" errors="0">
  <testcase name="browser" time="12.373" classname="com.auto.WaitsExample"/>
  <testcase name="logIn" time="25.956" classname="com.auto.WaitsExample"/>
</testsuite> <!-- com.auto.WaitsExample -->
